mobile/app/build/intermediates/manifest_merge_blame_file/debug/manifest-merger-blame-debug-report.txt
1<?xml version="1.0" encoding="utf-8"?>
2<manifest xmlns:android="http://schemas.android.com/apk/res/android"
3    package="br.com.exdon.ope"
4    android:versionCode="1"
5    android:versionName="1.0" >
6
7    <uses-sdk
8        android:minSdkVersion="28"
8-->src\main\AndroidManifest.xml
9        android:targetSdkVersion="30" />
9-->src\main\AndroidManifest.xml
10
11    <!-- Although the *SdkVersion is captured in gradle build files, this is required for non gradle builds -->
12    <!-- <uses-sdk android:minSdkVersion="14"/> -->
13    <uses-permission android:name="android.permission.ACCESS_NETWORK_STATE" />
13-->[com.google.firebase:firebase-database:19.4.0] AndroidManifest.xml:25:5-79
13-->[com.google.firebase:firebase-database:19.4.0] AndroidManifest.xml:25:22-76
14    <uses-permission android:name="android.permission.INTERNET" />
14-->[com.google.firebase:firebase-database:19.4.0] AndroidManifest.xml:26:5-67
14-->[com.google.firebase:firebase-database:19.4.0] AndroidManifest.xml:26:22-64
15    <uses-permission android:name="android.permission.WAKE_LOCK" />
15-->[com.google.android.gms:play-services-measurement-api:17.5.0] AndroidManifest.xml:24:5-68
15-->[com.google.android.gms:play-services-measurement-api:17.5.0] AndroidManifest.xml:24:22-65
16    <uses-permission android:name="com.google.android.finsky.permission.BIND_GET_INSTALL_REFERRER_SERVICE" />
16-->[com.google.android.gms:play-services-measurement:17.5.0] AndroidManifest.xml:26:5-110
16-->[com.google.android.gms:play-services-measurement:17.5.0] AndroidManifest.xml:26:22-107
17
18    <application
18-->src\main\AndroidManifest.xml:5:1-34:15
19        android:allowBackup="true"
19-->src\main\AndroidManifest.xml:6:5-31
20        android:appComponentFactory="androidx.core.app.CoreComponentFactory"
20-->[androidx.core:core:1.3.1] AndroidManifest.xml:24:18-86
21        android:debuggable="true"
22        android:extractNativeLibs="false"
23        android:icon="@mipmap/ic_launcher"
23-->src\main\AndroidManifest.xml:7:5-39
24        android:label="@string/app_name"
24-->src\main\AndroidManifest.xml:8:5-37
25        android:roundIcon="@mipmap/ic_launcher_round"
25-->src\main\AndroidManifest.xml:9:5-50
26        android:supportsRtl="true"
26-->src\main\AndroidManifest.xml:10:5-31
27        android:testOnly="true"
28        android:theme="@style/AppTheme" >
28-->src\main\AndroidManifest.xml:11:5-36
29        <activity android:name="br.com.exdon.ope.testeActivity" />
29-->src\main\AndroidManifest.xml:12:5-56
29-->src\main\AndroidManifest.xml:12:15-44
30        <activity
30-->src\main\AndroidManifest.xml:13:5-15:54
31            android:name="br.com.exdon.ope.TerceiraActivity"
31-->src\main\AndroidManifest.xml:14:9-41
32            android:parentActivityName="br.com.exdon.ope.MenuActivity" />
32-->src\main\AndroidManifest.xml:15:9-51
33        <activity
33-->src\main\AndroidManifest.xml:16:5-18:59
34            android:name="br.com.exdon.ope.SettingsActivity"
34-->src\main\AndroidManifest.xml:17:9-41
35            android:label="@string/title_activity_settings" />
35-->src\main\AndroidManifest.xml:18:9-56
36        <activity
36-->src\main\AndroidManifest.xml:19:5-21:54
37            android:name="br.com.exdon.ope.SegundaActivity"
37-->src\main\AndroidManifest.xml:20:9-40
38            android:parentActivityName="br.com.exdon.ope.MenuActivity" />
38-->src\main\AndroidManifest.xml:21:9-51
39        <activity android:name="br.com.exdon.ope.DebugActivity" />
39-->src\main\AndroidManifest.xml:22:5-47
39-->src\main\AndroidManifest.xml:22:15-44
40        <activity android:name="br.com.exdon.ope.MenuActivity" />
40-->src\main\AndroidManifest.xml:23:5-46
40-->src\main\AndroidManifest.xml:23:15-43
41        <activity android:name="br.com.exdon.ope.ForgotPasswordActivity" />
41-->src\main\AndroidManifest.xml:24:5-56
41-->src\main\AndroidManifest.xml:24:15-53
42        <activity android:name="br.com.exdon.ope.CreateAccountActivity" />
42-->src\main\AndroidManifest.xml:25:5-55
42-->src\main\AndroidManifest.xml:25:15-52
43        <activity android:name="br.com.exdon.ope.LoginActivity" />
43-->src\main\AndroidManifest.xml:26:5-47
43-->src\main\AndroidManifest.xml:26:15-44
44        <activity android:name="br.com.exdon.ope.MainActivity" >
44-->src\main\AndroidManifest.xml:27:5-33:16
44-->src\main\AndroidManifest.xml:27:15-43
45            <intent-filter>
45-->src\main\AndroidManifest.xml:28:9-32:25
46                <action android:name="android.intent.action.MAIN" />
46-->src\main\AndroidManifest.xml:29:13-65
46-->src\main\AndroidManifest.xml:29:21-62
47
48                <category android:name="android.intent.category.LAUNCHER" />
48-->src\main\AndroidManifest.xml:31:13-73
48-->src\main\AndroidManifest.xml:31:23-70
49            </intent-filter>
50        </activity>
51        <activity
51-->[com.google.firebase:firebase-auth:19.4.0] AndroidManifest.xml:24:9-31:50
52            android:name="com.google.firebase.auth.internal.FederatedSignInActivity"
52-->[com.google.firebase:firebase-auth:19.4.0] AndroidManifest.xml:25:13-85
53            android:excludeFromRecents="true"
53-->[com.google.firebase:firebase-auth:19.4.0] AndroidManifest.xml:26:13-46
54            android:exported="true"
54-->[com.google.firebase:firebase-auth:19.4.0] AndroidManifest.xml:27:13-36
55            android:launchMode="singleTask"
55-->[com.google.firebase:firebase-auth:19.4.0] AndroidManifest.xml:28:13-44
56            android:permission="com.google.firebase.auth.api.gms.permission.LAUNCH_FEDERATED_SIGN_IN"
56-->[com.google.firebase:firebase-auth:19.4.0] AndroidManifest.xml:29:13-102
57            android:theme="@android:style/Theme.Translucent.NoTitleBar" />
57-->[com.google.firebase:firebase-auth:19.4.0] AndroidManifest.xml:30:13-72
58
59        <service
59-->[com.google.firebase:firebase-auth:19.4.0] AndroidManifest.xml:33:9-39:19
60            android:name="com.google.firebase.components.ComponentDiscoveryService"
60-->[com.google.firebase:firebase-auth:19.4.0] AndroidManifest.xml:34:13-84
61            android:directBootAware="true"
61-->[com.google.firebase:firebase-common:19.3.1] AndroidManifest.xml:35:13-43
62            android:exported="false" >
62-->[com.google.firebase:firebase-auth:19.4.0] AndroidManifest.xml:35:13-37
63            <meta-data
63-->[com.google.firebase:firebase-auth:19.4.0] AndroidManifest.xml:36:13-38:85
64                android:name="com.google.firebase.components:com.google.firebase.auth.FirebaseAuthRegistrar"
64-->[com.google.firebase:firebase-auth:19.4.0] AndroidManifest.xml:37:17-109
65                android:value="com.google.firebase.components.ComponentRegistrar" />
65-->[com.google.firebase:firebase-auth:19.4.0] AndroidManifest.xml:38:17-82
66            <meta-data
66-->[com.google.firebase:firebase-database:19.4.0] AndroidManifest.xml:32:13-34:85
67                android:name="com.google.firebase.components:com.google.firebase.database.DatabaseRegistrar"
67-->[com.google.firebase:firebase-database:19.4.0] AndroidManifest.xml:33:17-109
68                android:value="com.google.firebase.components.ComponentRegistrar" />
68-->[com.google.firebase:firebase-database:19.4.0] AndroidManifest.xml:34:17-82
69            <meta-data
69-->[com.google.android.gms:play-services-measurement-api:17.5.0] AndroidManifest.xml:30:13-32:85
70                android:name="com.google.firebase.components:com.google.firebase.analytics.connector.internal.AnalyticsConnectorRegistrar"
70-->[com.google.android.gms:play-services-measurement-api:17.5.0] AndroidManifest.xml:31:17-139
71                android:value="com.google.firebase.components.ComponentRegistrar" />
71-->[com.google.android.gms:play-services-measurement-api:17.5.0] AndroidManifest.xml:32:17-82
72            <meta-data
72-->[com.google.firebase:firebase-installations:16.3.2] AndroidManifest.xml:17:13-19:85
73                android:name="com.google.firebase.components:com.google.firebase.installations.FirebaseInstallationsRegistrar"
73-->[com.google.firebase:firebase-installations:16.3.2] AndroidManifest.xml:18:17-127
74                android:value="com.google.firebase.components.ComponentRegistrar" />
74-->[com.google.firebase:firebase-installations:16.3.2] AndroidManifest.xml:19:17-82
75        </service>
76
77        <activity
77-->[com.google.android.gms:play-services-base:17.1.0] AndroidManifest.xml:23:9-26:75
78            android:name="com.google.android.gms.common.api.GoogleApiActivity"
78-->[com.google.android.gms:play-services-base:17.1.0] AndroidManifest.xml:24:13-79
79            android:exported="false"
79-->[com.google.android.gms:play-services-base:17.1.0] AndroidManifest.xml:25:13-37
80            android:theme="@android:style/Theme.Translucent.NoTitleBar" />
80-->[com.google.android.gms:play-services-base:17.1.0] AndroidManifest.xml:26:13-72
81
82        <provider
82-->[com.google.firebase:firebase-common:19.3.1] AndroidManifest.xml:26:9-31:39
83            android:name="com.google.firebase.provider.FirebaseInitProvider"
83-->[com.google.firebase:firebase-common:19.3.1] AndroidManifest.xml:27:13-77
84            android:authorities="br.com.exdon.ope.firebaseinitprovider"
84-->[com.google.firebase:firebase-common:19.3.1] AndroidManifest.xml:28:13-72
85            android:directBootAware="true"
85-->[com.google.firebase:firebase-common:19.3.1] AndroidManifest.xml:29:13-43
86            android:exported="false"
86-->[com.google.firebase:firebase-common:19.3.1] AndroidManifest.xml:30:13-37
87            android:initOrder="100" />
87-->[com.google.firebase:firebase-common:19.3.1] AndroidManifest.xml:31:13-36
88
89        <receiver
89-->[com.google.android.gms:play-services-measurement:17.5.0] AndroidManifest.xml:29:9-33:20
90            android:name="com.google.android.gms.measurement.AppMeasurementReceiver"
90-->[com.google.android.gms:play-services-measurement:17.5.0] AndroidManifest.xml:30:13-85
91            android:enabled="true"
91-->[com.google.android.gms:play-services-measurement:17.5.0] AndroidManifest.xml:31:13-35
92            android:exported="false" >
92-->[com.google.android.gms:play-services-measurement:17.5.0] AndroidManifest.xml:32:13-37
93        </receiver>
94
95        <service
95-->[com.google.android.gms:play-services-measurement:17.5.0] AndroidManifest.xml:35:9-38:40
96            android:name="com.google.android.gms.measurement.AppMeasurementService"
96-->[com.google.android.gms:play-services-measurement:17.5.0] AndroidManifest.xml:36:13-84
97            android:enabled="true"
97-->[com.google.android.gms:play-services-measurement:17.5.0] AndroidManifest.xml:37:13-35
98            android:exported="false" />
98-->[com.google.android.gms:play-services-measurement:17.5.0] AndroidManifest.xml:38:13-37
99        <service
99-->[com.google.android.gms:play-services-measurement:17.5.0] AndroidManifest.xml:39:9-43:72
100            android:name="com.google.android.gms.measurement.AppMeasurementJobService"
100-->[com.google.android.gms:play-services-measurement:17.5.0] AndroidManifest.xml:40:13-87
101            android:enabled="true"
101-->[com.google.android.gms:play-services-measurement:17.5.0] AndroidManifest.xml:41:13-35
102            android:exported="false"
102-->[com.google.android.gms:play-services-measurement:17.5.0] AndroidManifest.xml:42:13-37
103            android:permission="android.permission.BIND_JOB_SERVICE" />
103-->[com.google.android.gms:play-services-measurement:17.5.0] AndroidManifest.xml:43:13-69
104
105        <meta-data
105-->[com.google.android.gms:play-services-basement:17.0.0] AndroidManifest.xml:23:9-25:69
106            android:name="com.google.android.gms.version"
106-->[com.google.android.gms:play-services-basement:17.0.0] AndroidManifest.xml:24:13-58
107            android:value="@integer/google_play_services_version" />
107-->[com.google.android.gms:play-services-basement:17.0.0] AndroidManifest.xml:25:13-66
108    </application>
109
110</manifest>